TN:
SF:src\modules\appointments\services\CreateAppointmentService.ts
FN:42,__decorate
FN:42,__metadata
FN:42,__param
FN:42,__awaiter
FN:42,adopt
FN:42,fulfilled
FN:42,rejected
FN:42,step
FN:42,__generator
FN:42,sent
FN:42,g.<computed>
FN:42,verb
FN:42,step
FN:42,__importDefault
FN:16,CreateAppointmentService
FN:21,CreateAppointmentService.execute
FNF:16
FNH:14
FNDA:1,__decorate
FNDA:1,__metadata
FNDA:1,__param
FNDA:3,__awaiter
FNDA:5,adopt
FNDA:5,fulfilled
FNDA:0,rejected
FNDA:7,step
FNDA:3,__generator
FNDA:5,sent
FNDA:0,g.<computed>
FNDA:9,verb
FNDA:8,step
FNDA:1,__importDefault
FNDA:2,CreateAppointmentService
FNDA:3,CreateAppointmentService.execute
DA:1,1
DA:2,1
DA:3,1
DA:4,1
DA:5,1
DA:6,1
DA:7,1
DA:8,1
DA:9,1
DA:10,1
DA:11,1
DA:12,1
DA:13,1
DA:14,1
DA:15,1
DA:16,1
DA:17,2
DA:18,2
DA:19,2
DA:20,1
DA:21,1
DA:22,3
DA:23,3
DA:24,3
DA:25,3
DA:26,3
DA:27,3
DA:28,3
DA:29,3
DA:30,1
DA:31,1
DA:32,2
DA:33,2
DA:34,2
DA:35,2
DA:36,2
DA:37,3
DA:38,3
DA:39,3
DA:40,1
DA:41,1
DA:42,1
LF:42
LH:42
BRDA:42,0,0,1
BRDA:42,1,0,1
BRDA:42,2,0,0
BRDA:42,3,0,0
BRDA:42,4,0,0
BRDA:42,5,0,0
BRDA:42,6,0,1
BRDA:42,7,0,1
BRDA:42,8,0,1
BRDA:42,9,0,3
BRDA:42,10,0,5
BRDA:42,11,0,0
BRDA:42,12,0,3
BRDA:42,13,0,5
BRDA:42,14,0,1
BRDA:42,15,0,7
BRDA:42,16,0,2
BRDA:42,17,0,5
BRDA:42,18,0,3
BRDA:42,19,0,5
BRDA:42,20,0,0
BRDA:42,21,0,9
BRDA:42,22,0,8
BRDA:42,23,0,8
BRDA:42,24,0,0
BRDA:42,25,0,16
BRDA:42,26,0,0
BRDA:42,27,0,0
BRDA:42,28,0,0
BRDA:42,29,0,0
BRDA:42,30,0,8
BRDA:42,31,0,8
BRDA:42,32,0,5
BRDA:42,33,0,0
BRDA:42,34,0,0
BRDA:42,35,0,3
BRDA:42,36,0,0
BRDA:42,37,0,2
BRDA:42,38,0,0
BRDA:42,39,0,0
BRDA:42,40,0,0
BRDA:42,41,0,0
BRDA:42,42,0,8
BRDA:42,43,0,1
BRDA:42,44,0,8
BRDA:42,45,0,3
BRDA:42,46,0,1
BRDA:42,47,0,2
BRDA:42,48,0,0
BRDA:42,49,0,1
BRDA:42,50,0,0
BRDA:15,51,0,1
BRDA:16,52,0,2
BRDA:21,53,0,3
BRDA:42,54,0,3
BRDA:42,55,0,8
BRDA:42,56,0,3
BRDA:42,57,0,3
BRDA:29,58,0,1
BRDA:31,59,0,2
BRDA:42,60,0,2
BRF:61
BRH:41
end_of_record
TN:
SF:src\modules\users\services\AuthenticateUserService.ts
FN:53,__decorate
FN:53,__metadata
FN:53,__param
FN:53,__awaiter
FN:53,adopt
FN:53,fulfilled
FN:53,rejected
FN:53,step
FN:53,__generator
FN:53,sent
FN:53,g.<computed>
FN:53,verb
FN:53,step
FN:53,__importDefault
FN:23,AuthenticateUserService
FN:28,AuthenticateUserService.execute
FNF:16
FNH:14
FNDA:1,__decorate
FNDA:1,__metadata
FNDA:1,__param
FNDA:1,__awaiter
FNDA:2,adopt
FNDA:2,fulfilled
FNDA:0,rejected
FNDA:3,step
FNDA:1,__generator
FNDA:2,sent
FNDA:0,g.<computed>
FNDA:3,verb
FNDA:3,step
FNDA:2,__importDefault
FNDA:1,AuthenticateUserService
FNDA:1,AuthenticateUserService.execute
DA:1,1
DA:2,1
DA:3,1
DA:4,1
DA:5,1
DA:6,1
DA:7,1
DA:8,1
DA:9,1
DA:10,1
DA:11,1
DA:12,1
DA:13,1
DA:14,1
DA:15,1
DA:16,1
DA:17,1
DA:18,1
DA:19,1
DA:20,1
DA:21,1
DA:22,1
DA:23,1
DA:24,1
DA:25,1
DA:26,1
DA:27,1
DA:28,1
DA:29,1
DA:30,1
DA:31,1
DA:32,0
DA:33,0
DA:34,1
DA:35,1
DA:36,1
DA:37,1
DA:38,0
DA:39,0
DA:40,1
DA:41,1
DA:42,1
DA:43,1
DA:44,1
DA:45,1
DA:46,1
DA:47,1
DA:48,1
DA:49,1
DA:50,1
DA:51,1
DA:52,1
DA:53,1
LF:53
LH:49
BRDA:53,0,0,1
BRDA:53,1,0,1
BRDA:53,2,0,0
BRDA:53,3,0,0
BRDA:53,4,0,0
BRDA:53,5,0,0
BRDA:53,6,0,1
BRDA:53,7,0,1
BRDA:53,8,0,1
BRDA:53,9,0,1
BRDA:53,10,0,2
BRDA:53,11,0,0
BRDA:53,12,0,1
BRDA:53,13,0,2
BRDA:53,14,0,0
BRDA:53,15,0,3
BRDA:53,16,0,1
BRDA:53,17,0,2
BRDA:53,18,0,1
BRDA:53,19,0,2
BRDA:53,20,0,0
BRDA:53,21,0,3
BRDA:53,22,0,3
BRDA:53,23,0,3
BRDA:53,24,0,0
BRDA:53,25,0,6
BRDA:53,26,0,0
BRDA:53,27,0,0
BRDA:53,28,0,0
BRDA:53,29,0,0
BRDA:53,30,0,3
BRDA:53,31,0,3
BRDA:53,32,0,2
BRDA:53,33,0,0
BRDA:53,34,0,0
BRDA:53,35,0,1
BRDA:53,36,0,0
BRDA:53,37,0,0
BRDA:53,38,0,0
BRDA:53,39,0,0
BRDA:53,40,0,0
BRDA:53,41,0,3
BRDA:53,42,0,0
BRDA:53,43,0,3
BRDA:53,44,0,1
BRDA:53,45,0,0
BRDA:53,46,0,1
BRDA:53,47,0,0
BRDA:53,48,0,2
BRDA:53,49,0,0
BRDA:22,50,0,1
BRDA:23,51,0,1
BRDA:28,52,0,1
BRDA:53,53,0,1
BRDA:53,54,0,3
BRDA:29,55,0,1
BRDA:53,56,0,1
BRDA:31,57,0,0
BRDA:53,58,0,1
BRDA:37,59,0,0
BRF:60
BRH:35
end_of_record
TN:
SF:src\modules\users\services\CreateUserService.ts
FN:38,__decorate
FN:38,__metadata
FN:38,__param
FN:38,__awaiter
FN:38,adopt
FN:38,fulfilled
FN:38,rejected
FN:38,step
FN:38,__generator
FN:38,sent
FN:38,g.<computed>
FN:38,verb
FN:38,step
FN:38,__importDefault
FN:16,CreateUserService
FN:21,CreateUserService.execute
FNF:16
FNH:14
FNDA:2,__decorate
FNDA:2,__metadata
FNDA:2,__param
FNDA:4,__awaiter
FNDA:10,adopt
FNDA:10,fulfilled
FNDA:0,rejected
FNDA:13,step
FNDA:4,__generator
FNDA:10,sent
FNDA:0,g.<computed>
FNDA:12,verb
FNDA:14,step
FNDA:2,__importDefault
FNDA:3,CreateUserService
FNDA:4,CreateUserService.execute
DA:1,1
DA:2,1
DA:3,1
DA:4,1
DA:5,1
DA:6,1
DA:7,1
DA:8,1
DA:9,1
DA:10,1
DA:11,1
DA:12,1
DA:13,1
DA:14,1
DA:15,2
DA:16,2
DA:17,3
DA:18,3
DA:19,3
DA:20,2
DA:21,2
DA:22,4
DA:23,4
DA:24,4
DA:25,1
DA:26,1
DA:27,3
DA:28,3
DA:29,4
DA:30,4
DA:31,4
DA:32,4
DA:33,4
DA:34,4
DA:35,4
DA:36,4
DA:37,4
DA:38,2
LF:38
LH:38
BRDA:38,0,0,2
BRDA:38,1,0,2
BRDA:38,2,0,0
BRDA:38,3,0,0
BRDA:38,4,0,0
BRDA:38,5,0,0
BRDA:38,6,0,2
BRDA:38,7,0,2
BRDA:38,8,0,2
BRDA:38,9,0,4
BRDA:38,10,0,10
BRDA:38,11,0,0
BRDA:38,12,0,4
BRDA:38,13,0,10
BRDA:38,14,0,1
BRDA:38,15,0,13
BRDA:38,16,0,3
BRDA:38,17,0,10
BRDA:38,18,0,4
BRDA:38,19,0,10
BRDA:38,20,0,0
BRDA:38,21,0,12
BRDA:38,22,0,14
BRDA:38,23,0,14
BRDA:38,24,0,0
BRDA:38,25,0,28
BRDA:38,26,0,0
BRDA:38,27,0,0
BRDA:38,28,0,0
BRDA:38,29,0,0
BRDA:38,30,0,14
BRDA:38,31,0,14
BRDA:38,32,0,10
BRDA:38,33,0,0
BRDA:38,34,0,0
BRDA:38,35,0,4
BRDA:38,36,0,0
BRDA:38,37,0,3
BRDA:38,38,0,0
BRDA:38,39,0,0
BRDA:38,40,0,0
BRDA:38,41,0,0
BRDA:38,42,0,14
BRDA:38,43,0,1
BRDA:38,44,0,14
BRDA:38,45,0,4
BRDA:38,46,0,1
BRDA:38,47,0,3
BRDA:38,48,0,0
BRDA:38,49,0,2
BRDA:38,50,0,0
BRDA:15,51,0,2
BRDA:16,52,0,3
BRDA:21,53,0,4
BRDA:38,54,0,4
BRDA:38,55,0,14
BRDA:22,56,0,4
BRDA:38,57,0,4
BRDA:24,58,0,1
BRDA:26,59,0,3
BRDA:38,60,0,3
BRDA:38,61,0,3
BRF:62
BRH:42
end_of_record
TN:
SF:src\modules\users\services\UpdateUserAvatarService.ts
FN:1,(empty-report)
FNF:1
FNH:0
FNDA:0,(empty-report)
DA:1,0
DA:2,0
DA:3,0
DA:4,0
DA:5,0
DA:6,0
DA:7,0
DA:8,0
DA:9,0
DA:10,0
DA:11,0
DA:12,0
DA:13,0
DA:14,0
DA:15,0
DA:16,0
DA:17,0
DA:18,0
DA:19,0
DA:20,0
DA:21,0
DA:22,0
DA:23,0
DA:24,0
DA:25,0
DA:26,0
DA:27,0
DA:28,0
DA:29,0
DA:30,0
DA:31,0
DA:32,0
DA:33,0
DA:34,0
DA:35,0
DA:36,0
DA:37,0
DA:38,0
DA:39,0
DA:40,0
DA:41,0
DA:42,0
DA:43,0
DA:44,0
DA:45,0
LF:45
LH:0
BRDA:1,0,0,0
BRF:1
BRH:0
end_of_record
